#
# A fatal error has been detected by the Java Runtime Environment:
#
#  Internal Error (classFileParser.cpp:3494), pid=4472, tid=4852
#  Error: ShouldNotReachHere()
#
# JRE version: 6.0_29-b11
# Java VM: Java HotSpot(TM) Client VM (20.4-b02 mixed mode windows-x86 )
# If you would like to submit a bug report, please visit:
#   http://java.sun.com/webapps/bugreport/crash.jsp
#

---------------  T H R E A D  ---------------

Current thread (0x004c9800):  JavaThread "Unknown thread" [_thread_in_vm, id=4852, stack(0x01800000,0x01850000)]

Stack: [0x01800000,0x01850000],  sp=0x0184f86c,  free space=318k
Native frames: (J=compiled Java code, j=interpreted, Vv=VM code, C=native code)
V  [jvm.dll+0x1335ba]
V  [jvm.dll+0x12e56b]
V  [jvm.dll+0x1639e]
V  [jvm.dll+0x17bdf]
V  [jvm.dll+0x26cc5]
V  [jvm.dll+0x27506]
V  [jvm.dll+0x278b5]
V  [jvm.dll+0x27949]
V  [jvm.dll+0x27a0c]
V  [jvm.dll+0x27a8a]
V  [jvm.dll+0x27b6d]
V  [jvm.dll+0x27e39]
V  [jvm.dll+0x6c383]
V  [jvm.dll+0x6c75c]
V  [jvm.dll+0xf9b4c]
V  [jvm.dll+0x11848b]
V  [jvm.dll+0x9eb60]
C  [javaw.exe+0x1657]
C  [javaw.exe+0x1e2c]
C  [javaw.exe+0x8614]
C  [kernel32.dll+0x4ed6c]  BaseThreadInitThunk+0x12
C  [ntdll.dll+0x6377b]  RtlInitializeExceptionChain+0xef
C  [ntdll.dll+0x6374e]  RtlInitializeExceptionChain+0xc2


---------------  P R O C E S S  ---------------

Java Threads: ( => current thread )

Other Threads:

=>0x004c9800 (exited) JavaThread "Unknown thread" [_thread_in_vm, id=4852, stack(0x01800000,0x01850000)]

VM state:not at safepoint (not fully initialized)

VM Mutex/Monitor currently owned by a thread: None

Dynamic libraries:
0x00400000 - 0x00424000 	C:\Program Files\Java\jre6\bin\javaw.exe
0x77220000 - 0x7735c000 	C:\Windows\SYSTEM32\ntdll.dll
0x763a0000 - 0x76474000 	C:\Windows\system32\kernel32.dll
0x754b0000 - 0x754fa000 	C:\Windows\system32\KERNELBASE.dll
0x76760000 - 0x76800000 	C:\Windows\system32\ADVAPI32.dll
0x76ab0000 - 0x76b5c000 	C:\Windows\system32\msvcrt.dll
0x76950000 - 0x76969000 	C:\Windows\SYSTEM32\sechost.dll
0x76800000 - 0x768a1000 	C:\Windows\system32\RPCRT4.dll
0x76cc0000 - 0x76d89000 	C:\Windows\system32\USER32.dll
0x76da0000 - 0x76dee000 	C:\Windows\system32\GDI32.dll
0x76b90000 - 0x76b9a000 	C:\Windows\system32\LPK.dll
0x768b0000 - 0x7694d000 	C:\Windows\system32\USP10.dll
0x76970000 - 0x7698f000 	C:\Windows\system32\IMM32.DLL
0x76490000 - 0x7655c000 	C:\Windows\system32\MSCTF.dll
0x7c340000 - 0x7c396000 	C:\Program Files\Java\jre6\bin\msvcr71.dll
0x6d7f0000 - 0x6da9f000 	C:\Program Files\Java\jre6\bin\client\jvm.dll
0x737c0000 - 0x737f2000 	C:\Windows\system32\WINMM.dll
0x752b0000 - 0x752fc000 	C:\Windows\system32\apphelp.dll
0x6d7a0000 - 0x6d7ac000 	C:\Program Files\Java\jre6\bin\verify.dll
0x6d320000 - 0x6d33f000 	C:\Program Files\Java\jre6\bin\java.dll
0x6d7e0000 - 0x6d7ef000 	C:\Program Files\Java\jre6\bin\zip.dll
0x76d90000 - 0x76d95000 	C:\Windows\system32\PSAPI.DLL

VM Arguments:
jvm_args: -Dfile.encoding=Cp1252 -Xbootclasspath:C:\Program Files\Android\android-sdk\platforms\android-8\android.jar 
java_command: Boot
Launcher Type: SUN_STANDARD

Environment Variables:
PATH=C:/Program Files/Java/jre6/bin/client;C:/Program Files/Java/jre6/bin;C:/Program Files/Java/jre6/lib/i386;C:\Program Files\NVIDIA Corporation\PhysX\Common;C:\Program Files\Common Files\Microsoft Shared\Windows Live;C:\Windows\system32;C:\Windows;C:\Windows\System32\Wbem;C:\Windows\System32\WindowsPowerShell\v1.0\;C:\Program Files\Windows Live\Shared;c:\Program Files\Microsoft SQL Server\100\Tools\Binn\;c:\Program Files\Microsoft SQL Server\100\DTS\Binn\;C:\Program Files\Common Files\Adobe\AGL;C:\Program Files\Common Files\Softimage;C:\Program Files\Visual Leak Detector\bin\Win32;C:\Program Files\Visual Leak Detector\bin\Win64;c:\program files\steam\steamapps\SourceMods\lacrimosa\..\bin;C:\eclipse-SDK-3.6.2-win32\eclipse;
USERNAME=Alex
OS=Windows_NT
PROCESSOR_IDENTIFIER=x86 Family 6 Model 15 Stepping 11, GenuineIntel



---------------  S Y S T E M  ---------------

OS: Windows 7 Build 7601 Service Pack 1

CPU:total 2 (2 cores per cpu, 1 threads per core) family 6 model 15 stepping 11, cmov, cx8, fxsr, mmx, sse, sse2, sse3, ssse3

Memory: 4k page, physical 2096440k(1328292k free), swap 4192880k(3022868k free)

vm_info: Java HotSpot(TM) Client VM (20.4-b02) for windows-x86 JRE (1.6.0_29-b11), built on Oct  3 2011 01:01:08 by "java_re" with MS VC++ 7.1 (VS2003)

time: Fri Jan 27 00:55:30 2012
elapsed time: 0 seconds

